<?xml version="1.0" encoding="UTF-8"?>
<!-- Generated by org.testng.reporters.JUnitXMLReporter -->
<testsuite ignored="0" hostname="LIN-5CG3350NMY" failures="1" tests="3" name="Negative_TestCases" time="25.782" errors="0" timestamp="2024-04-11T19:25:11 IST">
  <testcase classname="Testcases.NegativeTestCases" name="negativeLogin" time="0.442">
    <skipped/>
  </testcase> <!-- negativeLogin -->
  <testcase classname="Testcases.NegativeTestCases" name="negativeLogin" time="0.932">
    <failure type="java.lang.AssertionError" message="expected [Incorrect email password.] but found [Incorrect email or password.]">
      <![CDATA[java.lang.AssertionError: expected [Incorrect email password.] but found [Incorrect email or password.]
at Testcases.NegativeTestCases.negativeLogin(NegativeTestCases.java:18)
at java.base/java.util.ArrayList.forEach(ArrayList.java:1511)
at java.base/java.util.concurrent.FutureTask.run(FutureTask.java:317)
at java.base/java.util.concurrent.ThreadPoolExecutor.runWorker(ThreadPoolExecutor.java:1144)
at java.base/java.util.concurrent.ThreadPoolExecutor$Worker.run(ThreadPoolExecutor.java:642)
at java.base/java.lang.Thread.run(Thread.java:1589)
... Removed 21 stack frames]]>
    </failure>
  </testcase> <!-- negativeLogin -->
  <testcase classname="Testcases.NegativeTestCases" name="orderNotpresentIntheScreen" time="13.392"/>
</testsuite> <!-- Negative_TestCases -->
