<?xml version="1.0" encoding="UTF-8"?>
<!-- Generated by org.testng.reporters.JUnitXMLReporter -->
<testsuite ignored="0" hostname="LIN-5CG3350NMY" failures="0" tests="4" name="Positive_SubmitOrder" time="50.938" errors="0" timestamp="2024-04-11T19:25:35 IST">
  <testcase classname="Testcases.PlacingTheOrder" name="submitOrder" time="14.368"/>
  <testcase classname="Testcases.PlacingTheOrder" name="submitOrder" time="14.327"/>
  <testcase classname="Testcases.PlacingTheOrder" name="verifying_whether_the_created_order_is_present_in_The_order_screen" time="3.509"/>
  <testcase classname="Testcases.PlacingTheOrder" name="verifying_whether_the_created_order_is_present_in_The_order_screen" time="3.636"/>
</testsuite> <!-- Positive_SubmitOrder -->
