<?xml version="1.0" encoding="UTF-8"?>
<!-- Generated by org.testng.reporters.JUnitXMLReporter -->
<testsuite ignored="0" hostname="LIN-5CG3350NMY" failures="1" tests="3" name="Negative_TestCases" time="33.753" errors="0" timestamp="2024-04-11T17:38:11 IST">
  <testcase classname="Testcases.NegativeTestCases" name="negativeLogin" time="0.966">
    <skipped/>
  </testcase> <!-- negativeLogin -->
  <testcase classname="Testcases.NegativeTestCases" name="negativeLogin" time="0.98">
    <failure type="java.lang.AssertionError" message="expected [Incorrect email password.] but found [Incorrect email or password.]">
      <![CDATA[java.lang.AssertionError: expected [Incorrect email password.] but found [Incorrect email or password.]
at Testcases.NegativeTestCases.negativeLogin(NegativeTestCases.java:18)
at java.base/java.util.ArrayList.forEach(ArrayList.java:1511)
at java.base/java.util.concurrent.FutureTask.run(FutureTask.java:264)
at java.base/java.util.concurrent.ThreadPoolExecutor.runWorker(ThreadPoolExecutor.java:1136)
at java.base/java.util.concurrent.ThreadPoolExecutor$Worker.run(ThreadPoolExecutor.java:635)
at java.base/java.lang.Thread.run(Thread.java:840)
... Removed 23 stack frames]]>
    </failure>
  </testcase> <!-- negativeLogin -->
  <testcase classname="Testcases.NegativeTestCases" name="orderNotpresentIntheScreen" time="13.432"/>
</testsuite> <!-- Negative_TestCases -->
