<?xml version="1.0" encoding="UTF-8"?>
<!-- Generated by org.testng.reporters.JUnitXMLReporter -->
<testsuite ignored="0" hostname="LIN-5CG3350NMY" failures="0" tests="4" name="Positive_SubmitOrder" time="57.703" errors="0" timestamp="2024-04-11T17:38:34 IST">
  <testcase classname="Testcases.PlacingTheOrder" name="submitOrder" time="14.458"/>
  <testcase classname="Testcases.PlacingTheOrder" name="submitOrder" time="14.491"/>
  <testcase classname="Testcases.PlacingTheOrder" name="verifying_whether_the_created_order_is_present_in_The_order_screen" time="3.605"/>
  <testcase classname="Testcases.PlacingTheOrder" name="verifying_whether_the_created_order_is_present_in_The_order_screen" time="3.586"/>
</testsuite> <!-- Positive_SubmitOrder -->
