<?xml version="1.0" encoding="UTF-8"?>
<testng-results ignored="0" total="3" passed="3" failed="0" skipped="0">
  <reporter-output>
  </reporter-output>
  <suite started-at="2024-04-12T17:18:46 IST" name="Surefire suite" finished-at="2024-04-12T17:19:11 IST" duration-ms="25305">
    <groups>
      <group name="cucumber">
        <method signature="AbstractTestNGCucumberTests.runScenario(io.cucumber.testng.PickleWrapper,io.cucumber.testng.FeatureWrapper)[pri:0, instance:cucumber.runner.TestRunner@34b7ac2f]" name="runScenario" class="io.cucumber.testng.AbstractTestNGCucumberTests"/>
      </group> <!-- cucumber -->
    </groups>
    <test started-at="2024-04-12T17:18:46 IST" name="Surefire test" finished-at="2024-04-12T17:19:11 IST" duration-ms="25305">
      <class name="cucumber.runner.TestRunner">
        <test-method is-config="true" signature="setUpClass(org.testng.ITestContext)[pri:0, instance:cucumber.runner.TestRunner@34b7ac2f]" started-at="2024-04-12T17:18:46 IST" name="setUpClass" finished-at="2024-04-12T17:18:47 IST" duration-ms="380" status="PASS">
          <params>
            <param index="0">
              <value>
                <![CDATA[org.testng.TestRunner@195498aa]]>
              </value>
            </param>
          </params>
          <reporter-output>
          </reporter-output>
        </test-method> <!-- setUpClass -->
        <test-method signature="runScenario(io.cucumber.testng.PickleWrapper,io.cucumber.testng.FeatureWrapper)[pri:0, instance:cucumber.runner.TestRunner@34b7ac2f]" started-at="2024-04-12T17:18:47 IST" name="runScenario" description="Runs Cucumber Scenarios" data-provider="scenarios" finished-at="2024-04-12T17:18:49 IST" duration-ms="2374" status="PASS">
          <params>
            <param index="0">
              <value>
                <![CDATA["Adding products."]]>
              </value>
            </param>
            <param index="1">
              <value>
                <![CDATA["Ecomerce application teting"]]>
              </value>
            </param>
          </params>
          <reporter-output>
          </reporter-output>
        </test-method> <!-- runScenario -->
        <test-method signature="runScenario(io.cucumber.testng.PickleWrapper,io.cucumber.testng.FeatureWrapper)[pri:0, instance:cucumber.runner.TestRunner@34b7ac2f]" started-at="2024-04-12T17:18:49 IST" name="runScenario" description="Runs Cucumber Scenarios" data-provider="scenarios" finished-at="2024-04-12T17:19:10 IST" duration-ms="21571" status="PASS">
          <params>
            <param index="0">
              <value>
                <![CDATA["Placing the order."]]>
              </value>
            </param>
            <param index="1">
              <value>
                <![CDATA["Ecomerce application teting"]]>
              </value>
            </param>
          </params>
          <reporter-output>
          </reporter-output>
        </test-method> <!-- runScenario -->
        <test-method signature="runScenario(io.cucumber.testng.PickleWrapper,io.cucumber.testng.FeatureWrapper)[pri:0, instance:cucumber.runner.TestRunner@34b7ac2f]" started-at="2024-04-12T17:19:10 IST" name="runScenario" description="Runs Cucumber Scenarios" data-provider="scenarios" finished-at="2024-04-12T17:19:11 IST" duration-ms="906" status="PASS">
          <params>
            <param index="0">
              <value>
                <![CDATA["Deleting the created product using API Call"]]>
              </value>
            </param>
            <param index="1">
              <value>
                <![CDATA["Ecomerce application teting"]]>
              </value>
            </param>
          </params>
          <reporter-output>
          </reporter-output>
        </test-method> <!-- runScenario -->
        <test-method is-config="true" signature="tearDownClass()[pri:0, instance:cucumber.runner.TestRunner@34b7ac2f]" started-at="2024-04-12T17:19:11 IST" name="tearDownClass" finished-at="2024-04-12T17:19:11 IST" duration-ms="48" status="PASS">
          <reporter-output>
          </reporter-output>
        </test-method> <!-- tearDownClass -->
      </class> <!-- cucumber.runner.TestRunner -->
    </test> <!-- Surefire test -->
  </suite> <!-- Surefire suite -->
</testng-results>
